CPSK Setup Environment Log
Дата: 2026-01-08 00:45:38
Статус: УСПЕХ

Python: C:\Python313\python.exe
Venv: C:\cpsk_envs\pyrevit_rocket
Requirements: C:\Users\feduloves\Documents\web\pyrevit_rocket\requirements.txt
Base dir: C:\cpsk_envs

==================================================
НАЧАЛО УСТАНОВКИ
==================================================

>>> ШАГ 1: УДАЛЕНИЕ СТАРОГО VENV
Путь: C:\cpsk_envs\pyrevit_rocket
Папка не существует, пропускаем

>>> ШАГ 2: СОЗДАНИЕ VENV
==================================================
Команда: Создание venv
Запуск: C:\Python313\python.exe -m venv C:\cpsk_envs\pyrevit_rocket
--------------------------------------------------
Код возврата: 0

Venv создан успешно

>>> ШАГ 3: УСТАНОВКА ПАКЕТОВ
Обновление pip...
==================================================
Команда: Обновление pip
Запуск: C:\cpsk_envs\pyrevit_rocket\Scripts\python.exe -m pip install --no-cache-dir --upgrade pip
--------------------------------------------------
STDOUT:
Requirement already satisfied: pip in c:\cpsk_envs\pyrevit_rocket\lib\site-packages (25.1.1)
Collecting pip
  Downloading pip-25.3-py3-none-any.whl.metadata (4.7 kB)
Downloading pip-25.3-py3-none-any.whl (1.8 MB)
   ---------------------------------------- 1.8/1.8 MB 6.3 MB/s eta 0:00:00
Installing collected packages: pip
  Attempting uninstall: pip
    Found existing installation: pip 25.1.1
    Uninstalling pip-25.1.1:
      Successfully uninstalled pip-25.1.1
Successfully installed pip-25.3

Код возврата: 0

Установка из requirements.txt...
==================================================
Команда: Установка пакетов
Запуск: C:\cpsk_envs\pyrevit_rocket\Scripts\pip.exe install --no-cache-dir -r C:\Users\feduloves\Documents\web\pyrevit_rocket\requirements.txt
--------------------------------------------------
STDOUT:
Collecting ifcopenshell>=0.8.0 (from -r C:\Users\feduloves\Documents\web\pyrevit_rocket\requirements.txt (line 5))
  Downloading ifcopenshell-0.8.4.post1-py313-none-win_amd64.whl.metadata (12 kB)
Collecting ifctester>=0.8.0 (from -r C:\Users\feduloves\Documents\web\pyrevit_rocket\requirements.txt (line 6))
  Downloading ifctester-0.8.4-py3-none-any.whl.metadata (759 bytes)
Collecting lxml>=5.0.0 (from -r C:\Users\feduloves\Documents\web\pyrevit_rocket\requirements.txt (line 9))
  Downloading lxml-6.0.2-cp313-cp313-win_amd64.whl.metadata (3.7 kB)
Collecting beautifulsoup4>=4.12.0 (from -r C:\Users\feduloves\Documents\web\pyrevit_rocket\requirements.txt (line 10))
  Downloading beautifulsoup4-4.14.3-py3-none-any.whl.metadata (3.8 kB)
Collecting requests>=2.31.0 (from -r C:\Users\feduloves\Documents\web\pyrevit_rocket\requirements.txt (line 13))
  Downloading requests-2.32.5-py3-none-any.whl.metadata (4.9 kB)
Collecting PyYAML>=6.0 (from -r C:\Users\feduloves\Documents\web\pyrevit_rocket\requirements.txt (line 16))
  Downloading pyyaml-6.0.3-cp313-cp313-win_amd64.whl.metadata (2.4 kB)
Collecting python-dateutil>=2.8.0 (from -r C:\Users\feduloves\Documents\web\pyrevit_rocket\requirements.txt (line 19))
  Downloading python_dateutil-2.9.0.post0-py2.py3-none-any.whl.metadata (8.4 kB)
Collecting shapely (from ifcopenshell>=0.8.0->-r C:\Users\feduloves\Documents\web\pyrevit_rocket\requirements.txt (line 5))
  Downloading shapely-2.1.2-cp313-cp313-win_amd64.whl.metadata (7.1 kB)
Collecting numpy (from ifcopenshell>=0.8.0->-r C:\Users\feduloves\Documents\web\pyrevit_rocket\requirements.txt (line 5))
  Downloading numpy-2.4.0-cp313-cp313-win_amd64.whl.metadata (6.6 kB)
Collecting isodate (from ifcopenshell>=0.8.0->-r C:\Users\feduloves\Documents\web\pyrevit_rocket\requirements.txt (line 5))
  Downloading isodate-0.7.2-py3-none-any.whl.metadata (11 kB)
Collecting lark (from ifcopenshell>=0.8.0->-r C:\Users\feduloves\Documents\web\pyrevit_rocket\requirements.txt (line 5))
  Downloading lark-1.3.1-py3-none-any.whl.metadata (1.8 kB)
Collecting typing-extensions (from ifcopenshell>=0.8.0->-r C:\Users\feduloves\Documents\web\pyrevit_rocket\requirements.txt (line 5))
  Downloading typing_extensions-4.15.0-py3-none-any.whl.metadata (3.3 kB)
Collecting xmlschema (from ifctester>=0.8.0->-r C:\Users\feduloves\Documents\web\pyrevit_rocket\requirements.txt (line 6))
  Downloading xmlschema-4.3.0-py3-none-any.whl.metadata (8.0 kB)
Collecting odfpy (from ifctester>=0.8.0->-r C:\Users\feduloves\Documents\web\pyrevit_rocket\requirements.txt (line 6))
  Downloading odfpy-1.4.1.tar.gz (717 kB)
     ---------------------------------------- 717.0/717.0 kB 7.1 MB/s  0:00:00
  Installing build dependencies: started
  Installing build dependencies: finished with status 'done'
  Getting requirements to build wheel: started
  Getting requirements to build wheel: finished with status 'done'
  Preparing metadata (pyproject.toml): started
  Preparing metadata (pyproject.toml): finished with status 'done'
Collecting pystache (from ifctester>=0.8.0->-r C:\Users\feduloves\Documents\web\pyrevit_rocket\requirements.txt (line 6))
  Downloading pystache-0.6.8-py3-none-any.whl.metadata (14 kB)
Collecting bcf-client (from ifctester>=0.8.0->-r C:\Users\feduloves\Documents\web\pyrevit_rocket\requirements.txt (line 6))
  Downloading bcf_client-0.8.4-py3-none-any.whl.metadata (657 bytes)
Collecting flask (from ifctester>=0.8.0->-r C:\Users\feduloves\Documents\web\pyrevit_rocket\requirements.txt (line 6))
  Downloading flask-3.1.2-py3-none-any.whl.metadata (3.2 kB)
Collecting soupsieve>=1.6.1 (from beautifulsoup4>=4.12.0->-r C:\Users\feduloves\Documents\web\pyrevit_rocket\requirements.txt (line 10))
  Downloading soupsieve-2.8.1-py3-none-any.whl.metadata (4.6 kB)
Collecting charset_normalizer<4,>=2 (from requests>=2.31.0->-r C:\Users\feduloves\Documents\web\pyrevit_rocket\requirements.txt (line 13))
  Downloading charset_normalizer-3.4.4-cp313-cp313-win_amd64.whl.metadata (38 kB)
Collecting idna<4,>=2.5 (from requests>=2.31.0->-r C:\Users\feduloves\Documents\web\pyrevit_rocket\requirements.txt (line 13))
  Downloading idna-3.11-py3-none-any.whl.metadata (8.4 kB)
Collecting urllib3<3,>=1.21.1 (from requests>=2.31.0->-r C:\Users\feduloves\Documents\web\pyrevit_rocket\requirements.txt (line 13))
  Downloading urllib3-2.6.3-py3-none-any.whl.metadata (6.9 kB)
Collecting certifi>=2017.4.17 (from requests>=2.31.0->-r C:\Users\feduloves\Documents\web\pyrevit_rocket\requirements.txt (line 13))
  Downloading certifi-2026.1.4-py3-none-any.whl.metadata (2.5 kB)
Collecting six>=1.5 (from python-dateutil>=2.8.0->-r C:\Users\feduloves\Documents\web\pyrevit_rocket\requirements.txt (line 19))
  Downloading six-1.17.0-py2.py3-none-any.whl.metadata (1.7 kB)
Collecting xsdata>=24.4 (from bcf-client->ifctester>=0.8.0->-r C:\Users\feduloves\Documents\web\pyrevit_rocket\requirements.txt (line 6))
  Downloading xsdata-25.7-py3-none-any.whl.metadata (5.5 kB)
Collecting blinker>=1.9.0 (from flask->ifctester>=0.8.0->-r C:\Users\feduloves\Documents\web\pyrevit_rocket\requirements.txt (line 6))
  Downloading blinker-1.9.0-py3-none-any.whl.metadata (1.6 kB)
Collecting click>=8.1.3 (from flask->ifctester>=0.8.0->-r C:\Users\feduloves\Documents\web\pyrevit_rocket\requirements.txt (line 6))
  Downloading click-8.3.1-py3-none-any.whl.metadata (2.6 kB)
Collecting itsdangerous>=2.2.0 (from flask->ifctester>=0.8.0->-r C:\Users\feduloves\Documents\web\pyrevit_rocket\requirements.txt (line 6))
  Downloading itsdangerous-2.2.0-py3-none-any.whl.metadata (1.9 kB)
Collecting jinja2>=3.1.2 (from flask->ifctester>=0.8.0->-r C:\Users\feduloves\Documents\web\pyrevit_rocket\requirements.txt (line 6))
  Downloading jinja2-3.1.6-py3-none-any.whl.metadata (2.9 kB)
Collecting markupsafe>=2.1.1 (from flask->ifctester>=0.8.0->-r C:\Users\feduloves\Documents\web\pyrevit_rocket\requirements.txt (line 6))
  Downloading markupsafe-3.0.3-cp313-cp313-win_amd64.whl.metadata (2.8 kB)
Collecting werkzeug>=3.1.0 (from flask->ifctester>=0.8.0->-r C:\Users\feduloves\Documents\web\pyrevit_rocket\requirements.txt (line 6))
  Downloading werkzeug-3.1.4-py3-none-any.whl.metadata (4.0 kB)
Collecting colorama (from click>=8.1.3->flask->ifctester>=0.8.0->-r C:\Users\feduloves\Documents\web\pyrevit_rocket\requirements.txt (line 6))
  Downloading colorama-0.4.6-py2.py3-none-any.whl.metadata (17 kB)
Collecting defusedxml (from odfpy->ifctester>=0.8.0->-r C:\Users\feduloves\Documents\web\pyrevit_rocket\requirements.txt (line 6))
  Downloading defusedxml-0.7.1-py2.py3-none-any.whl.metadata (32 kB)
Collecting elementpath<6.0.0,>=5.1.0 (from xmlschema->ifctester>=0.8.0->-r C:\Users\feduloves\Documents\web\pyrevit_rocket\requirements.txt (line 6))
  Downloading elementpath-5.1.0-py3-none-any.whl.metadata (7.0 kB)
Downloading ifcopenshell-0.8.4.post1-py313-none-win_amd64.whl (24.4 MB)
   ---------------------------------------- 24.4/24.4 MB 5.8 MB/s  0:00:04
Downloading ifctester-0.8.4-py3-none-any.whl (22.9 MB)
   ---------------------------------------- 22.9/22.9 MB 6.2 MB/s  0:00:03
Downloading lxml-6.0.2-cp313-cp313-win_amd64.whl (4.0 MB)
   ---------------------------------------- 4.0/4.0 MB 5.7 MB/s  0:00:00
Downloading beautifulsoup4-4.14.3-py3-none-any.whl (107 kB)
Downloading requests-2.32.5-py3-none-any.whl (64 kB)
Downloading charset_normalizer-3.4.4-cp313-cp313-win_amd64.whl (107 kB)
Downloading idna-3.11-py3-none-any.whl (71 kB)
Downloading urllib3-2.6.3-py3-none-any.whl (131 kB)
Downloading pyyaml-6.0.3-cp313-cp313-win_amd64.whl (154 kB)
Downloading python_dateutil-2.9.0.post0-py2.py3-none-any.whl (229 kB)
Downloading certifi-2026.1.4-py3-none-any.whl (152 kB)
Downloading six-1.17.0-py2.py3-none-any.whl (11 kB)
Downloading soupsieve-2.8.1-py3-none-any.whl (36 kB)
Downloading typing_extensions-4.15.0-py3-none-any.whl (44 kB)
Downloading bcf_client-0.8.4-py3-none-any.whl (42 kB)
Downloading xsdata-25.7-py3-none-any.whl (234 kB)
Downloading flask-3.1.2-py3-none-any.whl (103 kB)
Downloading blinker-1.9.0-py3-none-any.whl (8.5 kB)
Downloading click-8.3.1-py3-none-any.whl (108 kB)
Downloading itsdangerous-2.2.0-py3-none-any.whl (16 kB)
Downloading jinja2-3.1.6-py3-none-any.whl (134 kB)
Downloading markupsafe-3.0.3-cp313-cp313-win_amd64.whl (15 kB)
Downloading werkzeug-3.1.4-py3-none-any.whl (224 kB)
Downloading colorama-0.4.6-py2.py3-none-any.whl (25 kB)
Downloading isodate-0.7.2-py3-none-any.whl (22 kB)
Downloading lark-1.3.1-py3-none-any.whl (113 kB)
Downloading numpy-2.4.0-cp313-cp313-win_amd64.whl (12.3 MB)
   ---------------------------------------- 12.3/12.3 MB 6.4 MB/s  0:00:01
Downloading defusedxml-0.7.1-py2.py3-none-any.whl (25 kB)
Downloading pystache-0.6.8-py3-none-any.whl (82 kB)
Downloading shapely-2.1.2-cp313-cp313-win_amd64.whl (1.7 MB)
   ---------------------------------------- 1.7/1.7 MB 6.9 MB/s  0:00:00
Downloading xmlschema-4.3.0-py3-none-any.whl (468 kB)
Downloading elementpath-5.1.0-py3-none-any.whl (259 kB)
Building wheels for collected packages: odfpy
  Building wheel for odfpy (pyproject.toml): started
  Building wheel for odfpy (pyproject.toml): finished with status 'done'
  Created wheel for odfpy: filename=odfpy-1.4.1-py2.py3-none-any.whl size=137565 sha256=222e912b00afb6f18a0ff9cdb16c60d1d6ae37891501260f586d94b9d5fa4f3e
  Stored in directory: C:\Users\local_feduloves2\Temp\7aecade4-a35b-4fd5-bbaa-b24545921d74\pip-ephem-wheel-cache-e8vstgby\wheels\8e\cd\9f\979443982946991080916064e4c049b91941be1800825ff74b
Successfully built odfpy
Installing collected packages: urllib3, typing-extensions, soupsieve, six, PyYAML, pystache, numpy, markupsafe, lxml, lark, itsdangerous, isodate, idna, elementpath, defusedxml, colorama, charset_normalizer, certifi, blinker, xsdata, xmlschema, werkzeug, shapely, requests, python-dateutil, odfpy, jinja2, click, beautifulsoup4, ifcopenshell, flask, bcf-client, ifctester

Successfully installed PyYAML-6.0.3 bcf-client-0.8.4 beautifulsoup4-4.14.3 blinker-1.9.0 certifi-2026.1.4 charset_normalizer-3.4.4 click-8.3.1 colorama-0.4.6 defusedxml-0.7.1 elementpath-5.1.0 flask-3.1.2 idna-3.11 ifcopenshell-0.8.4.post1 ifctester-0.8.4 isodate-0.7.2 itsdangerous-2.2.0 jinja2-3.1.6 lark-1.3.1 lxml-6.0.2 markupsafe-3.0.3 numpy-2.4.0 odfpy-1.4.1 pystache-0.6.8 python-dateutil-2.9.0.post0 requests-2.32.5 shapely-2.1.2 six-1.17.0 soupsieve-2.8.1 typing-extensions-4.15.0 urllib3-2.6.3 werkzeug-3.1.4 xmlschema-4.3.0 xsdata-25.7

Код возврата: 0


==================================================
УСТАНОВКА ЗАВЕРШЕНА УСПЕШНО
==================================================