==================================================
ids_checker.py started
sys.argv: ['C:\\Users\\feduloves\\Documents\\web\\rhino_cpsk\\pyrevit.extension\\lib\\ids_checker.py', '--json', 'c:\\users\\local_feduloves2\\temp\\7aecade4-a35b-4fd5-bbaa-b24545921d74\\ids_check_params.json', 'c:\\users\\local_feduloves2\\temp\\7aecade4-a35b-4fd5-bbaa-b24545921d74\\ids_check_result.json']
params_file: c:\users\local_feduloves2\temp\7aecade4-a35b-4fd5-bbaa-b24545921d74\ids_check_params.json
params_file exists: True
params content: {"report_path": "c:\\users\\local_feduloves2\\temp\\7aecade4-a35b-4fd5-bbaa-b24545921d74\\rhino_khz_R25_ids_report.html", "ifc_path": "c:\\users\\local_feduloves2\\temp\\7aecade4-a35b-4fd5-bbaa-b24545921d74\\rhino_khz_R25_ids_check.ifc", "ids_path": "C:\\Users\\feduloves\\Documents\\web\\rhino_cpsk\\pyrevit.extension\\lib\\1.ids"}
ids_path: C:\Users\feduloves\Documents\web\rhino_cpsk\pyrevit.extension\lib\1.ids
ids_path os.path.exists: False
ids_path win_path_exists: True
ifc_path: c:\users\local_feduloves2\temp\7aecade4-a35b-4fd5-bbaa-b24545921d74\rhino_khz_R25_ids_check.ifc
ifc_path win_path_exists: True
==================================================
ids_checker.py started
sys.argv: ['C:\\Users\\feduloves\\Documents\\web\\rhino_cpsk\\pyrevit.extension\\lib\\ids_checker.py', '--json', 'c:\\users\\local_feduloves2\\temp\\7aecade4-a35b-4fd5-bbaa-b24545921d74\\ids_check_params.json', 'c:\\users\\local_feduloves2\\temp\\7aecade4-a35b-4fd5-bbaa-b24545921d74\\ids_check_result.json']
params_file: c:\users\local_feduloves2\temp\7aecade4-a35b-4fd5-bbaa-b24545921d74\ids_check_params.json
params_file exists: True
params content: {"report_path": "c:\\users\\local_feduloves2\\temp\\7aecade4-a35b-4fd5-bbaa-b24545921d74\\rhino_khz_R25_ids_report.html", "ifc_path": "c:\\users\\local_feduloves2\\temp\\7aecade4-a35b-4fd5-bbaa-b24545921d74\\rhino_khz_R25_ids_check.ifc", "ids_path": "C:\\Users\\feduloves\\Documents\\web\\rhino_cpsk\\pyrevit.extension\\lib\\1.ids"}
ids_path: C:\Users\feduloves\Documents\web\rhino_cpsk\pyrevit.extension\lib\1.ids
ids_path os.path.exists: False
ids_path win_path_exists: True
ifc_path: c:\users\local_feduloves2\temp\7aecade4-a35b-4fd5-bbaa-b24545921d74\rhino_khz_R25_ids_check.ifc
ifc_path win_path_exists: True
==================================================
ids_checker.py started
sys.argv: ['C:\\Users\\feduloves\\Documents\\web\\rhino_cpsk\\pyrevit.extension\\lib\\ids_checker.py', '--json', 'c:\\users\\local_feduloves2\\temp\\7aecade4-a35b-4fd5-bbaa-b24545921d74\\ids_check_params.json', 'c:\\users\\local_feduloves2\\temp\\7aecade4-a35b-4fd5-bbaa-b24545921d74\\ids_check_result.json']
params_file: c:\users\local_feduloves2\temp\7aecade4-a35b-4fd5-bbaa-b24545921d74\ids_check_params.json
params_file exists: True
params content: {"report_path": "c:\\users\\local_feduloves2\\temp\\7aecade4-a35b-4fd5-bbaa-b24545921d74\\rhino_khz_R25_ids_report.html", "ifc_path": "c:\\users\\local_feduloves2\\temp\\7aecade4-a35b-4fd5-bbaa-b24545921d74\\rhino_khz_R25_ids_check.ifc", "ids_path": "C:\\Users\\feduloves\\Documents\\web\\rhino_cpsk\\pyrevit.extension\\lib\\1.ids"}
ids_path: C:\Users\feduloves\Documents\web\rhino_cpsk\pyrevit.extension\lib\1.ids
ids_path os.path.exists: False
ids_path win_path_exists: True
ifc_path: c:\users\local_feduloves2\temp\7aecade4-a35b-4fd5-bbaa-b24545921d74\rhino_khz_R25_ids_check.ifc
ifc_path win_path_exists: True
==================================================
ids_checker.py started
sys.argv: ['C:\\Users\\feduloves\\Documents\\web\\rhino_cpsk\\pyrevit.extension\\lib\\ids_checker.py', '--json', 'c:\\users\\local_feduloves2\\temp\\7aecade4-a35b-4fd5-bbaa-b24545921d74\\ids_check_params.json', 'c:\\users\\local_feduloves2\\temp\\7aecade4-a35b-4fd5-bbaa-b24545921d74\\ids_check_result.json']
params_file: c:\users\local_feduloves2\temp\7aecade4-a35b-4fd5-bbaa-b24545921d74\ids_check_params.json
params_file exists: True
params content: {"report_path": "c:\\users\\local_feduloves2\\temp\\7aecade4-a35b-4fd5-bbaa-b24545921d74\\rhino_khz_R25_ids_report.html", "ifc_path": "c:\\users\\local_feduloves2\\temp\\7aecade4-a35b-4fd5-bbaa-b24545921d74\\rhino_khz_R25_ids_check.ifc", "ids_path": "C:\\Users\\feduloves\\Documents\\web\\rhino_cpsk\\pyrevit.extension\\lib\\1.ids"}
ids_path: C:\Users\feduloves\Documents\web\rhino_cpsk\pyrevit.extension\lib\1.ids
ids_path os.path.exists: False
ids_path win_path_exists: True
ifc_path: c:\users\local_feduloves2\temp\7aecade4-a35b-4fd5-bbaa-b24545921d74\rhino_khz_R25_ids_check.ifc
ifc_path win_path_exists: True
==================================================
ids_checker.py started
sys.argv: ['C:\\Users\\feduloves\\Documents\\web\\rhino_cpsk\\pyrevit.extension\\lib\\ids_checker.py', '--json', 'c:\\users\\local_feduloves2\\temp\\7aecade4-a35b-4fd5-bbaa-b24545921d74\\ids_check_params.json', 'c:\\users\\local_feduloves2\\temp\\7aecade4-a35b-4fd5-bbaa-b24545921d74\\ids_check_result.json']
params_file: c:\users\local_feduloves2\temp\7aecade4-a35b-4fd5-bbaa-b24545921d74\ids_check_params.json
params_file exists: True
params content: {"report_path": "c:\\users\\local_feduloves2\\temp\\7aecade4-a35b-4fd5-bbaa-b24545921d74\\rhino_khz_R25_ids_report.html", "ifc_path": "c:\\users\\local_feduloves2\\temp\\7aecade4-a35b-4fd5-bbaa-b24545921d74\\rhino_khz_R25_ids_check.ifc", "ids_path": "C:\\Users\\feduloves\\Documents\\web\\rhino_cpsk\\pyrevit.extension\\lib\\1.ids"}
ids_path: C:\Users\feduloves\Documents\web\rhino_cpsk\pyrevit.extension\lib\1.ids
ids_path os.path.exists: False
ids_path win_path_exists: True
ifc_path: c:\users\local_feduloves2\temp\7aecade4-a35b-4fd5-bbaa-b24545921d74\rhino_khz_R25_ids_check.ifc
ifc_path win_path_exists: True
==================================================
ids_checker.py started
sys.argv: ['C:\\Users\\feduloves\\Documents\\web\\rhino_cpsk\\pyrevit.extension\\lib\\ids_checker.py', '--json', 'c:\\users\\local_feduloves2\\temp\\7aecade4-a35b-4fd5-bbaa-b24545921d74\\ids_check_params.json', 'c:\\users\\local_feduloves2\\temp\\7aecade4-a35b-4fd5-bbaa-b24545921d74\\ids_check_result.json']
params_file: c:\users\local_feduloves2\temp\7aecade4-a35b-4fd5-bbaa-b24545921d74\ids_check_params.json
params_file exists: True
params content: {"report_path": "c:\\users\\local_feduloves2\\temp\\7aecade4-a35b-4fd5-bbaa-b24545921d74\\rhino_khz_R25_ids_report.html", "ifc_path": "c:\\users\\local_feduloves2\\temp\\7aecade4-a35b-4fd5-bbaa-b24545921d74\\rhino_khz_R25_ids_check.ifc", "ids_path": "C:\\Users\\feduloves\\Documents\\web\\rhino_cpsk\\pyrevit.extension\\lib\\1.ids"}
ids_path: C:\Users\feduloves\Documents\web\rhino_cpsk\pyrevit.extension\lib\1.ids
ids_path os.path.exists: False
ids_path win_path_exists: True
ifc_path: c:\users\local_feduloves2\temp\7aecade4-a35b-4fd5-bbaa-b24545921d74\rhino_khz_R25_ids_check.ifc
ifc_path win_path_exists: True
==================================================
ids_checker.py started
sys.argv: ['C:\\Users\\feduloves\\Documents\\web\\rhino_cpsk\\pyrevit.extension\\lib\\ids_checker.py', '--json', 'c:\\users\\local_feduloves2\\temp\\7aecade4-a35b-4fd5-bbaa-b24545921d74\\ids_check_params.json', 'c:\\users\\local_feduloves2\\temp\\7aecade4-a35b-4fd5-bbaa-b24545921d74\\ids_check_result.json']
params_file: c:\users\local_feduloves2\temp\7aecade4-a35b-4fd5-bbaa-b24545921d74\ids_check_params.json
params_file exists: True
params content: {"report_path": "c:\\users\\local_feduloves2\\temp\\7aecade4-a35b-4fd5-bbaa-b24545921d74\\rhino_khz_R25_ids_report.html", "ifc_path": "c:\\users\\local_feduloves2\\temp\\7aecade4-a35b-4fd5-bbaa-b24545921d74\\rhino_khz_R25_ids_check.ifc", "ids_path": "C:\\Users\\feduloves\\Documents\\web\\rhino_cpsk\\pyrevit.extension\\lib\\1.ids"}
ids_path: C:\Users\feduloves\Documents\web\rhino_cpsk\pyrevit.extension\lib\1.ids
ids_path os.path.exists: False
ids_path win_path_exists: True
ifc_path: c:\users\local_feduloves2\temp\7aecade4-a35b-4fd5-bbaa-b24545921d74\rhino_khz_R25_ids_check.ifc
ifc_path win_path_exists: True
==================================================
ids_checker.py started
sys.argv: ['C:\\Users\\feduloves\\Documents\\web\\rhino_cpsk\\pyrevit.extension\\lib\\ids_checker.py', '--json', 'c:\\users\\local_feduloves2\\temp\\7aecade4-a35b-4fd5-bbaa-b24545921d74\\ids_check_params.json', 'c:\\users\\local_feduloves2\\temp\\7aecade4-a35b-4fd5-bbaa-b24545921d74\\ids_check_result.json']
params_file: c:\users\local_feduloves2\temp\7aecade4-a35b-4fd5-bbaa-b24545921d74\ids_check_params.json
params_file exists: True
params content: {"report_path": "c:\\users\\local_feduloves2\\temp\\7aecade4-a35b-4fd5-bbaa-b24545921d74\\rhino_khz_R25_ids_report.html", "ifc_path": "c:\\users\\local_feduloves2\\temp\\7aecade4-a35b-4fd5-bbaa-b24545921d74\\rhino_khz_R25_ids_check.ifc", "ids_path": "C:\\Users\\feduloves\\Documents\\web\\rhino_cpsk\\pyrevit.extension\\lib\\1.ids"}
ids_path: C:\Users\feduloves\Documents\web\rhino_cpsk\pyrevit.extension\lib\1.ids
ids_path os.path.exists: False
ids_path win_path_exists: True
ifc_path: c:\users\local_feduloves2\temp\7aecade4-a35b-4fd5-bbaa-b24545921d74\rhino_khz_R25_ids_check.ifc
ifc_path win_path_exists: True
==================================================
ids_checker.py started
sys.argv: ['C:\\Users\\feduloves\\Documents\\web\\rhino_cpsk\\pyrevit.extension\\lib\\ids_checker.py', '--json', 'c:\\users\\local_feduloves2\\temp\\7aecade4-a35b-4fd5-bbaa-b24545921d74\\ids_check_params.json', 'c:\\users\\local_feduloves2\\temp\\7aecade4-a35b-4fd5-bbaa-b24545921d74\\ids_check_result.json']
params_file: c:\users\local_feduloves2\temp\7aecade4-a35b-4fd5-bbaa-b24545921d74\ids_check_params.json
params_file exists: True
params content: {"report_path": "c:\\users\\local_feduloves2\\temp\\7aecade4-a35b-4fd5-bbaa-b24545921d74\\rhino_khz_R25_ids_report.html", "ifc_path": "c:\\users\\local_feduloves2\\temp\\7aecade4-a35b-4fd5-bbaa-b24545921d74\\rhino_khz_R25_ids_check.ifc", "ids_path": "C:\\Users\\feduloves\\Documents\\web\\rhino_cpsk\\pyrevit.extension\\lib\\1.ids"}
ids_path: C:\Users\feduloves\Documents\web\rhino_cpsk\pyrevit.extension\lib\1.ids
ids_path os.path.exists: False
ids_path win_path_exists: True
ifc_path: c:\users\local_feduloves2\temp\7aecade4-a35b-4fd5-bbaa-b24545921d74\rhino_khz_R25_ids_check.ifc
ifc_path win_path_exists: True
==================================================
ids_checker.py started
sys.argv: ['C:\\Users\\feduloves\\Documents\\web\\rhino_cpsk\\pyrevit.extension\\lib\\ids_checker.py', '--json', 'c:\\users\\local_feduloves2\\temp\\7aecade4-a35b-4fd5-bbaa-b24545921d74\\ids_check_params.json', 'c:\\users\\local_feduloves2\\temp\\7aecade4-a35b-4fd5-bbaa-b24545921d74\\ids_check_result.json']
params_file: c:\users\local_feduloves2\temp\7aecade4-a35b-4fd5-bbaa-b24545921d74\ids_check_params.json
params_file exists: True
params content: {"report_path": "c:\\users\\local_feduloves2\\temp\\7aecade4-a35b-4fd5-bbaa-b24545921d74\\rhino_khz_R25_ids_report.html", "ifc_path": "c:\\users\\local_feduloves2\\temp\\7aecade4-a35b-4fd5-bbaa-b24545921d74\\rhino_khz_R25_ids_check.ifc", "ids_path": "C:\\Users\\feduloves\\Documents\\web\\rhino_cpsk\\pyrevit.extension\\lib\\1.ids"}
ids_path: C:\Users\feduloves\Documents\web\rhino_cpsk\pyrevit.extension\lib\1.ids
ids_path os.path.exists: False
ids_path win_path_exists: True
ifc_path: c:\users\local_feduloves2\temp\7aecade4-a35b-4fd5-bbaa-b24545921d74\rhino_khz_R25_ids_check.ifc
ifc_path win_path_exists: True
==================================================
ids_checker.py started
sys.argv: ['C:\\Users\\feduloves\\Documents\\web\\rhino_cpsk\\pyrevit.extension\\lib\\ids_checker.py', '--json', 'c:\\users\\local_feduloves2\\temp\\7aecade4-a35b-4fd5-bbaa-b24545921d74\\ids_check_params.json', 'c:\\users\\local_feduloves2\\temp\\7aecade4-a35b-4fd5-bbaa-b24545921d74\\ids_check_result.json']
params_file: c:\users\local_feduloves2\temp\7aecade4-a35b-4fd5-bbaa-b24545921d74\ids_check_params.json
params_file exists: True
params content: {"report_path": "c:\\users\\local_feduloves2\\temp\\7aecade4-a35b-4fd5-bbaa-b24545921d74\\rhino_khz_R25_ids_report.html", "ifc_path": "c:\\users\\local_feduloves2\\temp\\7aecade4-a35b-4fd5-bbaa-b24545921d74\\rhino_khz_R25_ids_check.ifc", "ids_path": "C:\\Users\\feduloves\\Documents\\web\\rhino_cpsk\\pyrevit.extension\\lib\\1.ids"}
ids_path: C:\Users\feduloves\Documents\web\rhino_cpsk\pyrevit.extension\lib\1.ids
ids_path os.path.exists: False
ids_path win_path_exists: True
ifc_path: c:\users\local_feduloves2\temp\7aecade4-a35b-4fd5-bbaa-b24545921d74\rhino_khz_R25_ids_check.ifc
ifc_path win_path_exists: True
==================================================
ids_checker.py started
sys.argv: ['C:\\Users\\feduloves\\Documents\\web\\rhino_cpsk\\pyrevit.extension\\lib\\ids_checker.py', '--json', 'c:\\users\\local_feduloves2\\temp\\7aecade4-a35b-4fd5-bbaa-b24545921d74\\ids_check_params.json', 'c:\\users\\local_feduloves2\\temp\\7aecade4-a35b-4fd5-bbaa-b24545921d74\\ids_check_result.json']
params_file: c:\users\local_feduloves2\temp\7aecade4-a35b-4fd5-bbaa-b24545921d74\ids_check_params.json
params_file exists: True
params content: {"report_path": "C:\\Users\\feduloves\\Desktop\\2_ids_report.html", "ifc_path": "C:\\Users\\feduloves\\Desktop\\2.ifc", "ids_path": "C:\\Users\\feduloves\\Documents\\web\\rhino_cpsk\\pyrevit.extension\\lib\\1.ids"}
ids_path: C:\Users\feduloves\Documents\web\rhino_cpsk\pyrevit.extension\lib\1.ids
ids_path os.path.exists: False
ids_path win_path_exists: True
ifc_path: C:\Users\feduloves\Desktop\2.ifc
ifc_path win_path_exists: True
==================================================
ids_checker.py started
sys.argv: ['C:\\Users\\feduloves\\Documents\\web\\rhino_cpsk\\pyrevit.extension\\lib\\ids_checker.py', '--json', 'c:\\users\\local_feduloves2\\temp\\7aecade4-a35b-4fd5-bbaa-b24545921d74\\ids_check_params.json', 'c:\\users\\local_feduloves2\\temp\\7aecade4-a35b-4fd5-bbaa-b24545921d74\\ids_check_result.json']
params_file: c:\users\local_feduloves2\temp\7aecade4-a35b-4fd5-bbaa-b24545921d74\ids_check_params.json
params_file exists: True
params content: {"report_path": "C:\\Users\\feduloves\\Desktop\\2_ids_report_CPSK.html", "ifc_path": "C:\\Users\\feduloves\\Desktop\\2.ifc", "ids_path": "C:\\Users\\feduloves\\Documents\\web\\rhino_cpsk\\pyrevit.extension\\lib\\1.ids", "standard_report_path": "C:\\Users\\feduloves\\Desktop\\2_ids_report_STANDARD.html"}
standard_report_path: C:\Users\feduloves\Desktop\2_ids_report_STANDARD.html
ids_path: C:\Users\feduloves\Documents\web\rhino_cpsk\pyrevit.extension\lib\1.ids
ids_path os.path.exists: False
ids_path win_path_exists: True
ifc_path: C:\Users\feduloves\Desktop\2.ifc
ifc_path win_path_exists: True
Also generating STANDARD report to: C:\Users\feduloves\Desktop\2_ids_report_STANDARD.html
==================================================
ids_checker.py started
sys.argv: ['C:\\Users\\feduloves\\Documents\\web\\rhino_cpsk\\pyrevit.extension\\lib\\ids_checker.py', '--json', 'c:\\users\\local_feduloves2\\temp\\7aecade4-a35b-4fd5-bbaa-b24545921d74\\ids_check_params.json', 'c:\\users\\local_feduloves2\\temp\\7aecade4-a35b-4fd5-bbaa-b24545921d74\\ids_check_result.json']
params_file: c:\users\local_feduloves2\temp\7aecade4-a35b-4fd5-bbaa-b24545921d74\ids_check_params.json
params_file exists: True
params content: {"report_path": "C:\\Users\\feduloves\\Desktop\\rhino_khz_R25_ids_report_CPSK.html", "ifc_path": "C:\\Users\\feduloves\\Desktop\\rhino_khz_R25.ifc", "ids_path": "C:\\Users\\feduloves\\Documents\\web\\rhino_cpsk\\pyrevit.extension\\lib\\1.ids"}
ids_path: C:\Users\feduloves\Documents\web\rhino_cpsk\pyrevit.extension\lib\1.ids
ids_path os.path.exists: False
ids_path win_path_exists: True
ifc_path: C:\Users\feduloves\Desktop\rhino_khz_R25.ifc
ifc_path win_path_exists: True
==================================================
ids_checker.py started
sys.argv: ['C:\\Users\\feduloves\\Documents\\web\\rhino_cpsk\\pyrevit.extension\\lib\\ids_checker.py', '--json', 'c:\\users\\local_feduloves2\\temp\\7aecade4-a35b-4fd5-bbaa-b24545921d74\\ids_check_params.json', 'c:\\users\\local_feduloves2\\temp\\7aecade4-a35b-4fd5-bbaa-b24545921d74\\ids_check_result.json']
params_file: c:\users\local_feduloves2\temp\7aecade4-a35b-4fd5-bbaa-b24545921d74\ids_check_params.json
params_file exists: True
params content: {"report_path": "C:\\Users\\feduloves\\Desktop\\rhino_khz_R25_fix_map_ids_report_CPSK.html", "ifc_path": "C:\\Users\\feduloves\\Desktop\\rhino_khz_R25_fix_map.ifc", "ids_path": "C:\\Users\\feduloves\\Documents\\web\\rhino_cpsk\\pyrevit.extension\\lib\\1.ids", "standard_report_path": "C:\\Users\\feduloves\\Desktop\\rhino_khz_R25_fix_map_ids_report_STANDARD.html"}
standard_report_path: C:\Users\feduloves\Desktop\rhino_khz_R25_fix_map_ids_report_STANDARD.html
ids_path: C:\Users\feduloves\Documents\web\rhino_cpsk\pyrevit.extension\lib\1.ids
ids_path os.path.exists: False
ids_path win_path_exists: True
ifc_path: C:\Users\feduloves\Desktop\rhino_khz_R25_fix_map.ifc
ifc_path win_path_exists: True
Also generating STANDARD report to: C:\Users\feduloves\Desktop\rhino_khz_R25_fix_map_ids_report_STANDARD.html
==================================================
ids_checker.py started
sys.argv: ['C:\\Users\\feduloves\\Documents\\web\\rhino_cpsk\\pyrevit.extension\\lib\\ids_checker.py', '--json', 'c:\\users\\local_feduloves2\\temp\\7aecade4-a35b-4fd5-bbaa-b24545921d74\\ids_check_params.json', 'c:\\users\\local_feduloves2\\temp\\7aecade4-a35b-4fd5-bbaa-b24545921d74\\ids_check_result.json']
params_file: c:\users\local_feduloves2\temp\7aecade4-a35b-4fd5-bbaa-b24545921d74\ids_check_params.json
params_file exists: True
params content: {"report_path": "C:\\Users\\feduloves\\Desktop\\rhino_khz_R25_fix_map_ids_report_CPSK.html", "ifc_path": "C:\\Users\\feduloves\\Desktop\\rhino_khz_R25_fix_map.ifc", "ids_path": "C:\\Users\\feduloves\\Documents\\web\\rhino_cpsk\\pyrevit.extension\\lib\\1.ids", "standard_report_path": "C:\\Users\\feduloves\\Desktop\\rhino_khz_R25_fix_map_ids_report_STANDARD.html"}
standard_report_path: C:\Users\feduloves\Desktop\rhino_khz_R25_fix_map_ids_report_STANDARD.html
ids_path: C:\Users\feduloves\Documents\web\rhino_cpsk\pyrevit.extension\lib\1.ids
ids_path os.path.exists: False
ids_path win_path_exists: True
ifc_path: C:\Users\feduloves\Desktop\rhino_khz_R25_fix_map.ifc
ifc_path win_path_exists: True
Also generating STANDARD report to: C:\Users\feduloves\Desktop\rhino_khz_R25_fix_map_ids_report_STANDARD.html
